{"__type":"$$EventMessageAudit","id":"e04c8c22-b2f4-42f6-b99c-2e40ad71c639","ts":"2025-03-16T13:39:12.022+00:00","eventName":"n8n.audit.workflow.created","message":"n8n.audit.workflow.created","payload":{"userId":"535d62e6-ed8f-445d-a390-eb7ba6e7d105","_email":"brcodigo@gmail.com","_firstName":"Luiz Henrique","_lastName":"Ribeiro da Silva","globalRole":"global:owner","workflowId":"9d6rKf4RbiuecnOK","workflowName":"My workflow"}}
{"__type":"$$EventMessageConfirm","confirm":"e04c8c22-b2f4-42f6-b99c-2e40ad71c639","ts":"2025-03-16T13:39:12.041+00:00","source":{"id":"0","name":"eventBus"}}
{"__type":"$$EventMessageWorkflow","id":"83f47254-9c9b-4bf2-b111-738adab96481","ts":"2025-03-16T13:39:12.101+00:00","eventName":"n8n.workflow.started","message":"n8n.workflow.started","payload":{"executionId":"1","workflowId":"9d6rKf4RbiuecnOK","isManual":false,"workflowName":"My workflow"}}
{"__type":"$$EventMessageConfirm","confirm":"83f47254-9c9b-4bf2-b111-738adab96481","ts":"2025-03-16T13:39:12.101+00:00","source":{"id":"0","name":"eventBus"}}
{"__type":"$$EventMessageNode","id":"8f88e244-18df-4f71-9c10-11952757122e","ts":"2025-03-16T13:39:12.102+00:00","eventName":"n8n.node.started","message":"n8n.node.started","payload":{"workflowId":"9d6rKf4RbiuecnOK","workflowName":"My workflow","executionId":"1","nodeType":"n8n-nodes-base.manualTrigger","nodeName":"When clicking ‘Test workflow’"}}
{"__type":"$$EventMessageConfirm","confirm":"8f88e244-18df-4f71-9c10-11952757122e","ts":"2025-03-16T13:39:12.102+00:00","source":{"id":"0","name":"eventBus"}}
{"__type":"$$EventMessageNode","id":"2e5e46b1-6708-41d7-843b-aeec591133fe","ts":"2025-03-16T13:39:12.103+00:00","eventName":"n8n.node.finished","message":"n8n.node.finished","payload":{"workflowId":"9d6rKf4RbiuecnOK","workflowName":"My workflow","executionId":"1","nodeType":"n8n-nodes-base.manualTrigger","nodeName":"When clicking ‘Test workflow’"}}
{"__type":"$$EventMessageConfirm","confirm":"2e5e46b1-6708-41d7-843b-aeec591133fe","ts":"2025-03-16T13:39:12.103+00:00","source":{"id":"0","name":"eventBus"}}
{"__type":"$$EventMessageNode","id":"3db5a01e-1ca5-451c-9e2f-cefa4a28389f","ts":"2025-03-16T13:39:12.104+00:00","eventName":"n8n.node.started","message":"n8n.node.started","payload":{"workflowId":"9d6rKf4RbiuecnOK","workflowName":"My workflow","executionId":"1","nodeType":"n8n-nodes-base.httpRequest","nodeName":"HTTP Request"}}
{"__type":"$$EventMessageConfirm","confirm":"3db5a01e-1ca5-451c-9e2f-cefa4a28389f","ts":"2025-03-16T13:39:12.104+00:00","source":{"id":"0","name":"eventBus"}}
{"__type":"$$EventMessageNode","id":"1e94e5f2-3221-4909-b5ff-fd99e1e2aeb5","ts":"2025-03-16T13:39:12.146+00:00","eventName":"n8n.node.finished","message":"n8n.node.finished","payload":{"workflowId":"9d6rKf4RbiuecnOK","workflowName":"My workflow","executionId":"1","nodeType":"n8n-nodes-base.httpRequest","nodeName":"HTTP Request"}}
{"__type":"$$EventMessageConfirm","confirm":"1e94e5f2-3221-4909-b5ff-fd99e1e2aeb5","ts":"2025-03-16T13:39:12.146+00:00","source":{"id":"0","name":"eventBus"}}
{"__type":"$$EventMessageWorkflow","id":"36953a38-f0d6-4a2e-ab45-215798964281","ts":"2025-03-16T13:39:12.150+00:00","eventName":"n8n.workflow.failed","message":"n8n.workflow.failed","payload":{"executionId":"1","userId":"535d62e6-ed8f-445d-a390-eb7ba6e7d105","success":false,"isManual":true,"workflowId":"9d6rKf4RbiuecnOK","workflowName":"My workflow","lastNodeExecuted":"HTTP Request","errorNodeType":"n8n-nodes-base.httpRequest","errorMessage":"The service refused the connection - perhaps it is offline"}}
{"__type":"$$EventMessageConfirm","confirm":"36953a38-f0d6-4a2e-ab45-215798964281","ts":"2025-03-16T13:39:12.150+00:00","source":{"id":"0","name":"eventBus"}}
{"__type":"$$EventMessageWorkflow","id":"6347c459-efec-40bf-879e-1641d57b481b","ts":"2025-03-16T13:39:35.179+00:00","eventName":"n8n.workflow.started","message":"n8n.workflow.started","payload":{"executionId":"2","workflowId":"9d6rKf4RbiuecnOK","isManual":false,"workflowName":"My workflow"}}
{"__type":"$$EventMessageConfirm","confirm":"6347c459-efec-40bf-879e-1641d57b481b","ts":"2025-03-16T13:39:35.179+00:00","source":{"id":"0","name":"eventBus"}}
{"__type":"$$EventMessageNode","id":"719ccc3c-1b2e-4a80-8679-cbb3d6232a06","ts":"2025-03-16T13:39:35.179+00:00","eventName":"n8n.node.started","message":"n8n.node.started","payload":{"workflowId":"9d6rKf4RbiuecnOK","workflowName":"My workflow","executionId":"2","nodeType":"n8n-nodes-base.httpRequest","nodeName":"HTTP Request"}}
{"__type":"$$EventMessageConfirm","confirm":"719ccc3c-1b2e-4a80-8679-cbb3d6232a06","ts":"2025-03-16T13:39:35.179+00:00","source":{"id":"0","name":"eventBus"}}
{"__type":"$$EventMessageNode","id":"e1654684-3c8d-4a65-ae9e-655318a22c8d","ts":"2025-03-16T13:39:35.184+00:00","eventName":"n8n.node.finished","message":"n8n.node.finished","payload":{"workflowId":"9d6rKf4RbiuecnOK","workflowName":"My workflow","executionId":"2","nodeType":"n8n-nodes-base.httpRequest","nodeName":"HTTP Request"}}
{"__type":"$$EventMessageConfirm","confirm":"e1654684-3c8d-4a65-ae9e-655318a22c8d","ts":"2025-03-16T13:39:35.184+00:00","source":{"id":"0","name":"eventBus"}}
{"__type":"$$EventMessageWorkflow","id":"c392ea7f-99ab-4867-a93b-dbb78280f41d","ts":"2025-03-16T13:39:35.184+00:00","eventName":"n8n.workflow.failed","message":"n8n.workflow.failed","payload":{"executionId":"2","userId":"535d62e6-ed8f-445d-a390-eb7ba6e7d105","success":false,"isManual":true,"workflowId":"9d6rKf4RbiuecnOK","workflowName":"My workflow","lastNodeExecuted":"HTTP Request","errorNodeType":"n8n-nodes-base.httpRequest","errorMessage":"The service refused the connection - perhaps it is offline"}}
{"__type":"$$EventMessageConfirm","confirm":"c392ea7f-99ab-4867-a93b-dbb78280f41d","ts":"2025-03-16T13:39:35.184+00:00","source":{"id":"0","name":"eventBus"}}
{"__type":"$$EventMessageWorkflow","id":"2ac32c6c-f083-490a-96ad-e9bdfdfbdeb0","ts":"2025-03-16T13:40:14.066+00:00","eventName":"n8n.workflow.started","message":"n8n.workflow.started","payload":{"executionId":"3","workflowId":"9d6rKf4RbiuecnOK","isManual":false,"workflowName":"My workflow"}}
{"__type":"$$EventMessageConfirm","confirm":"2ac32c6c-f083-490a-96ad-e9bdfdfbdeb0","ts":"2025-03-16T13:40:14.066+00:00","source":{"id":"0","name":"eventBus"}}
{"__type":"$$EventMessageNode","id":"07ff869b-2fb2-4001-a00f-59a4acd8ed3c","ts":"2025-03-16T13:40:14.067+00:00","eventName":"n8n.node.started","message":"n8n.node.started","payload":{"workflowId":"9d6rKf4RbiuecnOK","workflowName":"My workflow","executionId":"3","nodeType":"n8n-nodes-base.httpRequest","nodeName":"HTTP Request"}}
{"__type":"$$EventMessageConfirm","confirm":"07ff869b-2fb2-4001-a00f-59a4acd8ed3c","ts":"2025-03-16T13:40:14.067+00:00","source":{"id":"0","name":"eventBus"}}
{"__type":"$$EventMessageNode","id":"e723563b-ded0-43c2-aa98-99458e18d3dd","ts":"2025-03-16T13:40:14.070+00:00","eventName":"n8n.node.finished","message":"n8n.node.finished","payload":{"workflowId":"9d6rKf4RbiuecnOK","workflowName":"My workflow","executionId":"3","nodeType":"n8n-nodes-base.httpRequest","nodeName":"HTTP Request"}}
{"__type":"$$EventMessageConfirm","confirm":"e723563b-ded0-43c2-aa98-99458e18d3dd","ts":"2025-03-16T13:40:14.070+00:00","source":{"id":"0","name":"eventBus"}}
{"__type":"$$EventMessageWorkflow","id":"bfc666cd-51bc-47ed-b7dd-10ab676b0e6b","ts":"2025-03-16T13:40:14.071+00:00","eventName":"n8n.workflow.failed","message":"n8n.workflow.failed","payload":{"executionId":"3","userId":"535d62e6-ed8f-445d-a390-eb7ba6e7d105","success":false,"isManual":true,"workflowId":"9d6rKf4RbiuecnOK","workflowName":"My workflow","lastNodeExecuted":"HTTP Request","errorNodeType":"n8n-nodes-base.httpRequest","errorMessage":"The service refused the connection - perhaps it is offline"}}
{"__type":"$$EventMessageConfirm","confirm":"bfc666cd-51bc-47ed-b7dd-10ab676b0e6b","ts":"2025-03-16T13:40:14.071+00:00","source":{"id":"0","name":"eventBus"}}
{"__type":"$$EventMessageWorkflow","id":"26255f35-f14d-4c72-9997-bd8ccf55ca81","ts":"2025-03-16T13:40:17.655+00:00","eventName":"n8n.workflow.started","message":"n8n.workflow.started","payload":{"executionId":"4","workflowId":"9d6rKf4RbiuecnOK","isManual":false,"workflowName":"My workflow"}}
{"__type":"$$EventMessageConfirm","confirm":"26255f35-f14d-4c72-9997-bd8ccf55ca81","ts":"2025-03-16T13:40:17.655+00:00","source":{"id":"0","name":"eventBus"}}
{"__type":"$$EventMessageNode","id":"6dca447e-c17b-4cc6-a076-f06fd5a41677","ts":"2025-03-16T13:40:17.655+00:00","eventName":"n8n.node.started","message":"n8n.node.started","payload":{"workflowId":"9d6rKf4RbiuecnOK","workflowName":"My workflow","executionId":"4","nodeType":"n8n-nodes-base.httpRequest","nodeName":"HTTP Request"}}
{"__type":"$$EventMessageConfirm","confirm":"6dca447e-c17b-4cc6-a076-f06fd5a41677","ts":"2025-03-16T13:40:17.655+00:00","source":{"id":"0","name":"eventBus"}}
{"__type":"$$EventMessageNode","id":"87595800-eae2-4911-bc3f-1087a2aaf68f","ts":"2025-03-16T13:40:17.658+00:00","eventName":"n8n.node.finished","message":"n8n.node.finished","payload":{"workflowId":"9d6rKf4RbiuecnOK","workflowName":"My workflow","executionId":"4","nodeType":"n8n-nodes-base.httpRequest","nodeName":"HTTP Request"}}
{"__type":"$$EventMessageConfirm","confirm":"87595800-eae2-4911-bc3f-1087a2aaf68f","ts":"2025-03-16T13:40:17.658+00:00","source":{"id":"0","name":"eventBus"}}
{"__type":"$$EventMessageWorkflow","id":"cde95705-8980-4b4c-8417-7afc04c675ff","ts":"2025-03-16T13:40:17.658+00:00","eventName":"n8n.workflow.failed","message":"n8n.workflow.failed","payload":{"executionId":"4","userId":"535d62e6-ed8f-445d-a390-eb7ba6e7d105","success":false,"isManual":true,"workflowId":"9d6rKf4RbiuecnOK","workflowName":"My workflow","lastNodeExecuted":"HTTP Request","errorNodeType":"n8n-nodes-base.httpRequest","errorMessage":"The service refused the connection - perhaps it is offline"}}
{"__type":"$$EventMessageConfirm","confirm":"cde95705-8980-4b4c-8417-7afc04c675ff","ts":"2025-03-16T13:40:17.658+00:00","source":{"id":"0","name":"eventBus"}}
